#
# There is insufficient memory for the Java Runtime Environment to continue.
# Native memory allocation (malloc) failed to allocate 1048576 bytes for AllocateHeap
# Possible reasons:
#   The system is out of physical RAM or swap space
#   The process is running with CompressedOops enabled, and the Java Heap may be blocking the growth of the native heap
# Possible solutions:
#   Reduce memory load on the system
#   Increase physical memory or swap space
#   Check if swap backing store is full
#   Decrease Java heap size (-Xmx/-Xms)
#   Decrease number of Java threads
#   Decrease Java thread stack sizes (-Xss)
#   Set larger code cache with -XX:ReservedCodeCacheSize=
#   JVM is running with Unscaled Compressed Oops mode in which the Java heap is
#     placed in the first 4GB address space. The Java Heap base address is the
#     maximum limit for the native heap growth. Please use -XX:HeapBaseMinAddress
#     to set the Java Heap base and to place the Java Heap above 4GB virtual address.
# This output file may be truncated or incomplete.
#
#  Out of Memory Error (t:/workspace/open/src/hotspot/share/memory/allocation.cpp:46), pid=13040, tid=5988
#
# JRE version: Java(TM) SE Runtime Environment (11.0.4+10) (build 11.0.4+10-LTS)
# Java VM: Java HotSpot(TM) 64-Bit Server VM (11.0.4+10-LTS, mixed mode, tiered, compressed oops, g1 gc, windows-amd64)
# No core dump will be written. Minidumps are not enabled by default on client versions of Windows
#

---------------  S U M M A R Y ------------

Command Line: -Dcom.sun.management.jmxremote -Dcom.sun.management.jmxremote.port=62002 -Dcom.sun.management.jmxremote.authenticate=false -Dcom.sun.management.jmxremote.ssl=false -Djava.rmi.server.hostname=localhost -Dspring.jmx.enabled=true -Dspring.application.admin.enabled=true -Xverify:none -XX:TieredStopAtLevel=1 -Dspring.boot.project.name=health -Dfile.encoding=UTF-8 com.nikki.health.HealthApplication --spring.output.ansi.enabled=always

Host: Intel(R) Core(TM) i5-7200U CPU @ 2.50GHz, 4 cores, 7G,  Windows 10 , 64 bit Build 15063 (10.0.15063.1058)
Time: Tue Nov 12 16:24:02 2019 India Standard Time elapsed time: 3 seconds (0d 0h 0m 3s)

---------------  T H R E A D  ---------------

Current thread (0x000001fd7f545800):  VMThread "VM Thread" [stack: 0x0000001d4cc00000,0x0000001d4cd00000] [id=5988]

Stack: [0x0000001d4cc00000,0x0000001d4cd00000]
[error occurred during error reporting (printing stack bounds), id 0xc0000005, EXCEPTION_ACCESS_VIOLATION (0xc0000005) at pc=0x000001fd00000bad]

Native frames: (J=compiled Java code, j=interpreted, Vv=VM code, C=native code)
V  [jvm.dll+0x635bda]
V  [jvm.dll+0x77360f]
V  [jvm.dll+0x774cba]
V  [jvm.dll+0x7752d5]
V  [jvm.dll+0x77528b]
V  [jvm.dll+0x6352e6]
V  [jvm.dll+0x6356a8]
C  [ntdll.dll+0xa9fdd]
C  [ntdll.dll+0x351c8]
C  [ntdll.dll+0xa905e]
C  0x000001fd00000bad

VM_Operation (0x0000001d4c6fd600): CollectForMetadataAllocation, mode: safepoint, requested by thread 0x000001fd7220f800


---------------  P R O C E S S  ---------------

Threads class SMR info:
_java_thread_list=0x000001fd12a62d50, length=14, elements={
0x000001fd7220f800, 0x000001fd7f56b000, 0x000001fd7f573800, 0x000001fd11042800,
0x000001fd11043800, 0x000001fd7f57f800, 0x000001fd7f58a800, 0x000001fd7f501800,
0x000001fd11176800, 0x000001fd111e3800, 0x000001fd11773000, 0x000001fd11754800,
0x000001fd11761000, 0x000001fd1340a800
}

Java Threads: ( => current thread )
  0x000001fd7220f800 JavaThread "main" [_thread_blocked, id=5468, stack(0x0000001d4c600000,0x0000001d4c700000)]
  0x000001fd7f56b000 JavaThread "Reference Handler" daemon [_thread_blocked, id=10388, stack(0x0000001d4cd00000,0x0000001d4ce00000)]
  0x000001fd7f573800 JavaThread "Finalizer" daemon [_thread_blocked, id=4760, stack(0x0000001d4ce00000,0x0000001d4cf00000)]
  0x000001fd11042800 JavaThread "Signal Dispatcher" daemon [_thread_blocked, id=6452, stack(0x0000001d4cf00000,0x0000001d4d000000)]
  0x000001fd11043800 JavaThread "Attach Listener" daemon [_thread_blocked, id=11872, stack(0x0000001d4d000000,0x0000001d4d100000)]
  0x000001fd7f57f800 JavaThread "C1 CompilerThread0" daemon [_thread_blocked, id=6032, stack(0x0000001d4d100000,0x0000001d4d200000)]
  0x000001fd7f58a800 JavaThread "Sweeper thread" daemon [_thread_blocked, id=7632, stack(0x0000001d4d200000,0x0000001d4d300000)]
  0x000001fd7f501800 JavaThread "Common-Cleaner" daemon [_thread_blocked, id=13124, stack(0x0000001d4d300000,0x0000001d4d400000)]
  0x000001fd11176800 JavaThread "C1 CompilerThread1" daemon [_thread_blocked, id=8688, stack(0x0000001d4d400000,0x0000001d4d500000)]
  0x000001fd111e3800 JavaThread "Service Thread" daemon [_thread_blocked, id=10200, stack(0x0000001d4d500000,0x0000001d4d600000)]
  0x000001fd11773000 JavaThread "RMI TCP Accept-0" daemon [_thread_in_native, id=9004, stack(0x0000001d4d600000,0x0000001d4d700000)]
  0x000001fd11754800 JavaThread "RMI TCP Accept-62002" daemon [_thread_in_native, id=7488, stack(0x0000001d4d700000,0x0000001d4d800000)]
  0x000001fd11761000 JavaThread "RMI TCP Accept-0" daemon [_thread_in_native, id=7124, stack(0x0000001d4d800000,0x0000001d4d900000)]
  0x000001fd1340a800 JavaThread "C1 CompilerThread2" daemon [_thread_blocked, id=12676, stack(0x0000001d4e000000,0x0000001d4e100000)]

Other Threads:
=>0x000001fd7f545800 VMThread "VM Thread" [stack: 0x0000001d4cc00000,0x0000001d4cd00000] [id=5988]
  0x000001fd117da000 WatcherThread [stack: 0x0000001d4d900000,0x0000001d4da00000] [id=13248]
  0x000001fd72226000 GCTaskThread "GC Thread#0" [stack: 0x0000001d4c700000,0x0000001d4c800000] [id=4712]
  0x000001fd118b5000 GCTaskThread "GC Thread#1" [stack: 0x0000001d4da00000,0x0000001d4db00000] [id=10452]
  0x000001fd118b6800 GCTaskThread "GC Thread#2" [stack: 0x0000001d4db00000,0x0000001d4dc00000] [id=3340]
  0x000001fd118b6000 GCTaskThread "GC Thread#3" [stack: 0x0000001d4de00000,0x0000001d4df00000] [id=2932]
  0x000001fd72259800 ConcurrentGCThread "G1 Main Marker" [stack: 0x0000001d4c800000,0x0000001d4c900000] [id=12656]
  0x000001fd72261000 ConcurrentGCThread "G1 Conc#0" [stack: 0x0000001d4c900000,0x0000001d4ca00000] [id=5532]
  0x000001fd722de800 ConcurrentGCThread "G1 Refine#0" [stack: 0x0000001d4ca00000,0x0000001d4cb00000] [id=4704]
  0x000001fd113ab000 ConcurrentGCThread "G1 Refine#1" [stack: 0x0000001d4dc00000,0x0000001d4dd00000] [id=9404]
  0x000001fd7f3b2800 ConcurrentGCThread "G1 Young RemSet Sampling" [stack: 0x0000001d4cb00000,0x0000001d4cc00000] [id=10628]

Threads with active compile tasks:

VM state:at safepoint (normal execution)

VM Mutex/Monitor currently owned by a thread:  ([mutex/lock_event])
[0x000001fd7220bc30] Threads_lock - owner thread: 0x000001fd7f545800
[0x000001fd7220d6a0] Heap_lock - owner thread: 0x000001fd7220f800

Heap address: 0x0000000081c00000, size: 2020 MB, Compressed Oops mode: 32-bit
Narrow klass base: 0x0000000000000000, Narrow klass shift: 3
Compressed class space size: 1073741824 Address: 0x0000000100000000

Heap:
 garbage-first heap   total 157696K, used 16702K [0x0000000081c00000, 0x0000000100000000)
  region size 1024K, 7 young (7168K), 7 survivors (7168K)
 Metaspace       used 33191K, capacity 34247K, committed 34432K, reserved 1093632K
  class space    used 4171K, capacity 4614K, committed 4736K, reserved 1048576K
Heap Regions: E=young(eden), S=young(survivor), O=old, HS=humongous(starts), HC=humongous(continues), CS=collection set, F=free, A=archive, TAMS=top-at-mark-start (previous, next)
|   0|0x0000000081c00000, 0x0000000081d00000, 0x0000000081d00000|100%|HS|  |TAMS 0x0000000081d00000, 0x0000000081d00000| Complete 
|   1|0x0000000081d00000, 0x0000000081e00000, 0x0000000081e00000|100%| O|  |TAMS 0x0000000081e00000, 0x0000000081e00000| Untracked 
|   2|0x0000000081e00000, 0x0000000081f00000, 0x0000000081f00000|100%| O|  |TAMS 0x0000000081f00000, 0x0000000081f00000| Untracked 
|   3|0x0000000081f00000, 0x0000000082000000, 0x0000000082000000|100%| O|  |TAMS 0x0000000082000000, 0x0000000082000000| Untracked 
|   4|0x0000000082000000, 0x0000000082100000, 0x0000000082100000|100%| O|  |TAMS 0x0000000082100000, 0x0000000082100000| Untracked 
|   5|0x0000000082100000, 0x0000000082200000, 0x0000000082200000|100%| O|  |TAMS 0x0000000082200000, 0x0000000082200000| Untracked 
|   6|0x0000000082200000, 0x0000000082300000, 0x0000000082300000|100%| O|  |TAMS 0x0000000082300000, 0x0000000082300000| Untracked 
|   7|0x0000000082300000, 0x0000000082400000, 0x0000000082400000|100%| O|  |TAMS 0x0000000082329e00, 0x0000000082400000| Untracked 
|   8|0x0000000082400000, 0x0000000082500000, 0x0000000082500000|100%| O|  |TAMS 0x0000000082400000, 0x0000000082500000| Untracked 
|   9|0x0000000082500000, 0x00000000825d3000, 0x0000000082600000| 82%| O|  |TAMS 0x0000000082500000, 0x00000000825d3000| Untracked 
|  10|0x0000000082600000, 0x0000000082600000, 0x0000000082700000|  0%| F|  |TAMS 0x0000000082600000, 0x0000000082600000| Untracked 
|  11|0x0000000082700000, 0x0000000082700000, 0x0000000082800000|  0%| F|  |TAMS 0x0000000082700000, 0x0000000082700000| Untracked 
|  12|0x0000000082800000, 0x0000000082800000, 0x0000000082900000|  0%| F|  |TAMS 0x0000000082800000, 0x0000000082800000| Untracked 
|  13|0x0000000082900000, 0x0000000082900000, 0x0000000082a00000|  0%| F|  |TAMS 0x0000000082900000, 0x0000000082900000| Untracked 
|  14|0x0000000082a00000, 0x0000000082a00000, 0x0000000082b00000|  0%| F|  |TAMS 0x0000000082a00000, 0x0000000082a00000| Untracked 
|  15|0x0000000082b00000, 0x0000000082b00000, 0x0000000082c00000|  0%| F|  |TAMS 0x0000000082b00000, 0x0000000082b00000| Untracked 
|  16|0x0000000082c00000, 0x0000000082c00000, 0x0000000082d00000|  0%| F|  |TAMS 0x0000000082c00000, 0x0000000082c00000| Untracked 
|  17|0x0000000082d00000, 0x0000000082d00000, 0x0000000082e00000|  0%| F|  |TAMS 0x0000000082d00000, 0x0000000082d00000| Untracked 
|  18|0x0000000082e00000, 0x0000000082e00000, 0x0000000082f00000|  0%| F|  |TAMS 0x0000000082e00000, 0x0000000082e00000| Untracked 
|  19|0x0000000082f00000, 0x0000000082f00000, 0x0000000083000000|  0%| F|  |TAMS 0x0000000082f00000, 0x0000000082f00000| Untracked 
|  20|0x0000000083000000, 0x0000000083000000, 0x0000000083100000|  0%| F|  |TAMS 0x0000000083000000, 0x0000000083000000| Untracked 
|  21|0x0000000083100000, 0x0000000083100000, 0x0000000083200000|  0%| F|  |TAMS 0x0000000083100000, 0x0000000083100000| Untracked 
|  22|0x0000000083200000, 0x0000000083200000, 0x0000000083300000|  0%| F|  |TAMS 0x0000000083200000, 0x0000000083200000| Untracked 
|  23|0x0000000083300000, 0x0000000083300000, 0x0000000083400000|  0%| F|  |TAMS 0x0000000083300000, 0x0000000083300000| Untracked 
|  24|0x0000000083400000, 0x0000000083400000, 0x0000000083500000|  0%| F|  |TAMS 0x0000000083400000, 0x0000000083400000| Untracked 
|  25|0x0000000083500000, 0x0000000083500000, 0x0000000083600000|  0%| F|  |TAMS 0x0000000083500000, 0x0000000083500000| Untracked 
|  26|0x0000000083600000, 0x0000000083600000, 0x0000000083700000|  0%| F|  |TAMS 0x0000000083600000, 0x0000000083600000| Untracked 
|  27|0x0000000083700000, 0x0000000083700000, 0x0000000083800000|  0%| F|  |TAMS 0x0000000083700000, 0x0000000083700000| Untracked 
|  28|0x0000000083800000, 0x0000000083800000, 0x0000000083900000|  0%| F|  |TAMS 0x0000000083800000, 0x0000000083800000| Untracked 
|  29|0x0000000083900000, 0x0000000083900000, 0x0000000083a00000|  0%| F|  |TAMS 0x0000000083900000, 0x0000000083900000| Untracked 
|  30|0x0000000083a00000, 0x0000000083a00000, 0x0000000083b00000|  0%| F|  |TAMS 0x0000000083a00000, 0x0000000083a00000| Untracked 
|  31|0x0000000083b00000, 0x0000000083b00000, 0x0000000083c00000|  0%| F|  |TAMS 0x0000000083b00000, 0x0000000083b00000| Untracked 
|  32|0x0000000083c00000, 0x0000000083c00000, 0x0000000083d00000|  0%| F|  |TAMS 0x0000000083c00000, 0x0000000083c00000| Untracked 
|  33|0x0000000083d00000, 0x0000000083d00000, 0x0000000083e00000|  0%| F|  |TAMS 0x0000000083d00000, 0x0000000083d00000| Untracked 
|  34|0x0000000083e00000, 0x0000000083e00000, 0x0000000083f00000|  0%| F|  |TAMS 0x0000000083e00000, 0x0000000083e00000| Untracked 
|  35|0x0000000083f00000, 0x0000000083f00000, 0x0000000084000000|  0%| F|  |TAMS 0x0000000083f00000, 0x0000000083f00000| Untracked 
|  36|0x0000000084000000, 0x0000000084000000, 0x0000000084100000|  0%| F|  |TAMS 0x0000000084000000, 0x0000000084000000| Untracked 
|  37|0x0000000084100000, 0x0000000084100000, 0x0000000084200000|  0%| F|  |TAMS 0x0000000084100000, 0x0000000084100000| Untracked 
|  38|0x0000000084200000, 0x0000000084200000, 0x0000000084300000|  0%| F|  |TAMS 0x0000000084200000, 0x0000000084200000| Untracked 
|  39|0x0000000084300000, 0x0000000084300000, 0x0000000084400000|  0%| F|  |TAMS 0x0000000084300000, 0x0000000084300000| Untracked 
|  40|0x0000000084400000, 0x0000000084400000, 0x0000000084500000|  0%| F|  |TAMS 0x0000000084400000, 0x0000000084400000| Untracked 
|  41|0x0000000084500000, 0x0000000084500000, 0x0000000084600000|  0%| F|  |TAMS 0x0000000084500000, 0x0000000084500000| Untracked 
|  42|0x0000000084600000, 0x0000000084600000, 0x0000000084700000|  0%| F|  |TAMS 0x0000000084600000, 0x0000000084600000| Untracked 
|  43|0x0000000084700000, 0x0000000084700000, 0x0000000084800000|  0%| F|  |TAMS 0x0000000084700000, 0x0000000084700000| Untracked 
|  44|0x0000000084800000, 0x0000000084800000, 0x0000000084900000|  0%| F|  |TAMS 0x0000000084800000, 0x0000000084800000| Untracked 
|  45|0x0000000084900000, 0x0000000084900000, 0x0000000084a00000|  0%| F|  |TAMS 0x0000000084900000, 0x0000000084900000| Untracked 
|  46|0x0000000084a00000, 0x0000000084a00000, 0x0000000084b00000|  0%| F|  |TAMS 0x0000000084a00000, 0x0000000084a00000| Untracked 
|  47|0x0000000084b00000, 0x0000000084b00000, 0x0000000084c00000|  0%| F|  |TAMS 0x0000000084b00000, 0x0000000084b00000| Untracked 
|  48|0x0000000084c00000, 0x0000000084c00000, 0x0000000084d00000|  0%| F|  |TAMS 0x0000000084c00000, 0x0000000084c00000| Untracked 
|  49|0x0000000084d00000, 0x0000000084d00000, 0x0000000084e00000|  0%| F|  |TAMS 0x0000000084d00000, 0x0000000084d00000| Untracked 
|  50|0x0000000084e00000, 0x0000000084e00000, 0x0000000084f00000|  0%| F|  |TAMS 0x0000000084e00000, 0x0000000084e00000| Untracked 
|  51|0x0000000084f00000, 0x0000000084f00000, 0x0000000085000000|  0%| F|  |TAMS 0x0000000084f00000, 0x0000000084f00000| Untracked 
|  52|0x0000000085000000, 0x0000000085000000, 0x0000000085100000|  0%| F|  |TAMS 0x0000000085000000, 0x0000000085000000| Untracked 
|  53|0x0000000085100000, 0x0000000085100000, 0x0000000085200000|  0%| F|  |TAMS 0x0000000085100000, 0x0000000085100000| Untracked 
|  54|0x0000000085200000, 0x0000000085200000, 0x0000000085300000|  0%| F|  |TAMS 0x0000000085200000, 0x0000000085200000| Untracked 
|  55|0x0000000085300000, 0x0000000085300000, 0x0000000085400000|  0%| F|  |TAMS 0x0000000085300000, 0x0000000085300000| Untracked 
|  56|0x0000000085400000, 0x0000000085400000, 0x0000000085500000|  0%| F|  |TAMS 0x0000000085400000, 0x0000000085400000| Untracked 
|  57|0x0000000085500000, 0x0000000085500000, 0x0000000085600000|  0%| F|  |TAMS 0x0000000085500000, 0x0000000085500000| Untracked 
|  58|0x0000000085600000, 0x0000000085600000, 0x0000000085700000|  0%| F|  |TAMS 0x0000000085600000, 0x0000000085600000| Untracked 
|  59|0x0000000085700000, 0x0000000085700000, 0x0000000085800000|  0%| F|  |TAMS 0x0000000085700000, 0x0000000085700000| Untracked 
|  60|0x0000000085800000, 0x0000000085800000, 0x0000000085900000|  0%| F|  |TAMS 0x0000000085800000, 0x0000000085800000| Untracked 
|  61|0x0000000085900000, 0x0000000085900000, 0x0000000085a00000|  0%| F|  |TAMS 0x0000000085900000, 0x0000000085900000| Untracked 
|  62|0x0000000085a00000, 0x0000000085a00000, 0x0000000085b00000|  0%| F|  |TAMS 0x0000000085a00000, 0x0000000085a00000| Untracked 
|  63|0x0000000085b00000, 0x0000000085b00000, 0x0000000085c00000|  0%| F|  |TAMS 0x0000000085b00000, 0x0000000085b00000| Untracked 
|  64|0x0000000085c00000, 0x0000000085c00000, 0x0000000085d00000|  0%| F|  |TAMS 0x0000000085c00000, 0x0000000085c00000| Untracked 
|  65|0x0000000085d00000, 0x0000000085d00000, 0x0000000085e00000|  0%| F|  |TAMS 0x0000000085d00000, 0x0000000085d00000| Untracked 
|  66|0x0000000085e00000, 0x0000000085e00000, 0x0000000085f00000|  0%| F|  |TAMS 0x0000000085e00000, 0x0000000085e00000| Untracked 
|  67|0x0000000085f00000, 0x0000000085f00000, 0x0000000086000000|  0%| F|  |TAMS 0x0000000085f00000, 0x0000000085f00000| Untracked 
|  68|0x0000000086000000, 0x0000000086000000, 0x0000000086100000|  0%| F|  |TAMS 0x0000000086000000, 0x0000000086000000| Untracked 
|  69|0x0000000086100000, 0x0000000086100000, 0x0000000086200000|  0%| F|  |TAMS 0x0000000086100000, 0x0000000086100000| Untracked 
|  70|0x0000000086200000, 0x0000000086200000, 0x0000000086300000|  0%| F|  |TAMS 0x0000000086200000, 0x0000000086200000| Untracked 
|  71|0x0000000086300000, 0x0000000086300000, 0x0000000086400000|  0%| F|  |TAMS 0x0000000086300000, 0x0000000086300000| Untracked 
|  72|0x0000000086400000, 0x0000000086400000, 0x0000000086500000|  0%| F|  |TAMS 0x0000000086400000, 0x0000000086400000| Untracked 
|  73|0x0000000086500000, 0x0000000086500000, 0x0000000086600000|  0%| F|  |TAMS 0x0000000086500000, 0x0000000086500000| Untracked 
|  74|0x0000000086600000, 0x0000000086600000, 0x0000000086700000|  0%| F|  |TAMS 0x0000000086600000, 0x0000000086600000| Untracked 
|  75|0x0000000086700000, 0x0000000086700000, 0x0000000086800000|  0%| F|  |TAMS 0x0000000086700000, 0x0000000086700000| Untracked 
|  76|0x0000000086800000, 0x0000000086800000, 0x0000000086900000|  0%| F|  |TAMS 0x0000000086800000, 0x0000000086800000| Untracked 
|  77|0x0000000086900000, 0x0000000086900000, 0x0000000086a00000|  0%| F|  |TAMS 0x0000000086900000, 0x0000000086900000| Untracked 
|  78|0x0000000086a00000, 0x0000000086a00000, 0x0000000086b00000|  0%| F|  |TAMS 0x0000000086a00000, 0x0000000086a00000| Untracked 
|  79|0x0000000086b00000, 0x0000000086b00000, 0x0000000086c00000|  0%| F|  |TAMS 0x0000000086b00000, 0x0000000086b00000| Untracked 
|  80|0x0000000086c00000, 0x0000000086c00000, 0x0000000086d00000|  0%| F|  |TAMS 0x0000000086c00000, 0x0000000086c00000| Untracked 
|  81|0x0000000086d00000, 0x0000000086d00000, 0x0000000086e00000|  0%| F|  |TAMS 0x0000000086d00000, 0x0000000086d00000| Untracked 
|  82|0x0000000086e00000, 0x0000000086e00000, 0x0000000086f00000|  0%| F|  |TAMS 0x0000000086e00000, 0x0000000086e00000| Untracked 
|  83|0x0000000086f00000, 0x0000000086f00000, 0x0000000087000000|  0%| F|  |TAMS 0x0000000086f00000, 0x0000000086f00000| Untracked 
|  84|0x0000000087000000, 0x0000000087000000, 0x0000000087100000|  0%| F|  |TAMS 0x0000000087000000, 0x0000000087000000| Untracked 
|  85|0x0000000087100000, 0x0000000087100000, 0x0000000087200000|  0%| F|  |TAMS 0x0000000087100000, 0x0000000087100000| Untracked 
|  86|0x0000000087200000, 0x0000000087200000, 0x0000000087300000|  0%| F|  |TAMS 0x0000000087200000, 0x0000000087200000| Untracked 
|  87|0x0000000087300000, 0x0000000087300000, 0x0000000087400000|  0%| F|  |TAMS 0x0000000087300000, 0x0000000087300000| Untracked 
|  88|0x0000000087400000, 0x0000000087400000, 0x0000000087500000|  0%| F|  |TAMS 0x0000000087400000, 0x0000000087400000| Untracked 
|  89|0x0000000087500000, 0x0000000087500000, 0x0000000087600000|  0%| F|  |TAMS 0x0000000087500000, 0x0000000087500000| Untracked 
|  90|0x0000000087600000, 0x0000000087600000, 0x0000000087700000|  0%| F|  |TAMS 0x0000000087600000, 0x0000000087600000| Untracked 
|  91|0x0000000087700000, 0x0000000087700000, 0x0000000087800000|  0%| F|  |TAMS 0x0000000087700000, 0x0000000087700000| Untracked 
|  92|0x0000000087800000, 0x0000000087800000, 0x0000000087900000|  0%| F|  |TAMS 0x0000000087800000, 0x0000000087800000| Untracked 
|  93|0x0000000087900000, 0x0000000087900000, 0x0000000087a00000|  0%| F|  |TAMS 0x0000000087900000, 0x0000000087900000| Untracked 
|  94|0x0000000087a00000, 0x0000000087a00000, 0x0000000087b00000|  0%| F|  |TAMS 0x0000000087a00000, 0x0000000087a00000| Untracked 
|  95|0x0000000087b00000, 0x0000000087b00000, 0x0000000087c00000|  0%| F|  |TAMS 0x0000000087b00000, 0x0000000087b00000| Untracked 
|  96|0x0000000087c00000, 0x0000000087c00000, 0x0000000087d00000|  0%| F|  |TAMS 0x0000000087c00000, 0x0000000087c00000| Untracked 
|  97|0x0000000087d00000, 0x0000000087d00000, 0x0000000087e00000|  0%| F|  |TAMS 0x0000000087d00000, 0x0000000087d00000| Untracked 
|  98|0x0000000087e00000, 0x0000000087e00000, 0x0000000087f00000|  0%| F|  |TAMS 0x0000000087e00000, 0x0000000087e00000| Untracked 
|  99|0x0000000087f00000, 0x0000000087f00000, 0x0000000088000000|  0%| F|  |TAMS 0x0000000087f00000, 0x0000000087f00000| Untracked 
| 100|0x0000000088000000, 0x0000000088000000, 0x0000000088100000|  0%| F|  |TAMS 0x0000000088000000, 0x0000000088000000| Untracked 
| 101|0x0000000088100000, 0x0000000088100000, 0x0000000088200000|  0%| F|  |TAMS 0x0000000088100000, 0x0000000088100000| Untracked 
| 102|0x0000000088200000, 0x0000000088200000, 0x0000000088300000|  0%| F|  |TAMS 0x0000000088200000, 0x0000000088200000| Untracked 
| 103|0x0000000088300000, 0x0000000088300000, 0x0000000088400000|  0%| F|  |TAMS 0x0000000088300000, 0x0000000088300000| Untracked 
| 104|0x0000000088400000, 0x0000000088400000, 0x0000000088500000|  0%| F|  |TAMS 0x0000000088400000, 0x0000000088400000| Untracked 
| 105|0x0000000088500000, 0x0000000088500000, 0x0000000088600000|  0%| F|  |TAMS 0x0000000088500000, 0x0000000088500000| Untracked 
| 106|0x0000000088600000, 0x0000000088600000, 0x0000000088700000|  0%| F|  |TAMS 0x0000000088600000, 0x0000000088600000| Untracked 
| 107|0x0000000088700000, 0x0000000088700000, 0x0000000088800000|  0%| F|  |TAMS 0x0000000088700000, 0x0000000088700000| Untracked 
| 108|0x0000000088800000, 0x0000000088800000, 0x0000000088900000|  0%| F|  |TAMS 0x0000000088800000, 0x0000000088800000| Untracked 
| 109|0x0000000088900000, 0x0000000088900000, 0x0000000088a00000|  0%| F|  |TAMS 0x0000000088900000, 0x0000000088900000| Untracked 
| 110|0x0000000088a00000, 0x0000000088a00000, 0x0000000088b00000|  0%| F|  |TAMS 0x0000000088a00000, 0x0000000088a00000| Untracked 
| 111|0x0000000088b00000, 0x0000000088b00000, 0x0000000088c00000|  0%| F|  |TAMS 0x0000000088b00000, 0x0000000088b00000| Untracked 
| 112|0x0000000088c00000, 0x0000000088c00000, 0x0000000088d00000|  0%| F|  |TAMS 0x0000000088c00000, 0x0000000088c00000| Untracked 
| 113|0x0000000088d00000, 0x0000000088d00000, 0x0000000088e00000|  0%| F|  |TAMS 0x0000000088d00000, 0x0000000088d00000| Untracked 
| 114|0x0000000088e00000, 0x0000000088e00000, 0x0000000088f00000|  0%| F|  |TAMS 0x0000000088e00000, 0x0000000088e00000| Untracked 
| 115|0x0000000088f00000, 0x0000000088f00000, 0x0000000089000000|  0%| F|  |TAMS 0x0000000088f00000, 0x0000000088f00000| Untracked 
| 116|0x0000000089000000, 0x0000000089000000, 0x0000000089100000|  0%| F|  |TAMS 0x0000000089000000, 0x0000000089000000| Untracked 
| 117|0x0000000089100000, 0x0000000089100000, 0x0000000089200000|  0%| F|  |TAMS 0x0000000089100000, 0x0000000089100000| Untracked 
| 118|0x0000000089200000, 0x0000000089200000, 0x0000000089300000|  0%| F|  |TAMS 0x0000000089200000, 0x0000000089200000| Untracked 
| 119|0x0000000089300000, 0x0000000089300000, 0x0000000089400000|  0%| F|  |TAMS 0x0000000089300000, 0x0000000089300000| Untracked 
| 120|0x0000000089400000, 0x0000000089400000, 0x0000000089500000|  0%| F|  |TAMS 0x0000000089400000, 0x0000000089400000| Untracked 
| 121|0x0000000089500000, 0x0000000089500000, 0x0000000089600000|  0%| F|  |TAMS 0x0000000089500000, 0x0000000089500000| Untracked 
| 122|0x0000000089600000, 0x0000000089600000, 0x0000000089700000|  0%| F|  |TAMS 0x0000000089600000, 0x0000000089600000| Untracked 
| 123|0x0000000089700000, 0x0000000089700000, 0x0000000089800000|  0%| F|  |TAMS 0x0000000089700000, 0x0000000089700000| Untracked 
| 124|0x0000000089800000, 0x0000000089800000, 0x0000000089900000|  0%| F|  |TAMS 0x0000000089800000, 0x0000000089800000| Untracked 
| 125|0x0000000089900000, 0x0000000089900000, 0x0000000089a00000|  0%| F|  |TAMS 0x0000000089900000, 0x0000000089900000| Untracked 
| 126|0x0000000089a00000, 0x0000000089a00000, 0x0000000089b00000|  0%| F|  |TAMS 0x0000000089a00000, 0x0000000089a00000| Untracked 
| 127|0x0000000089b00000, 0x0000000089b00000, 0x0000000089c00000|  0%| F|  |TAMS 0x0000000089b00000, 0x0000000089b00000| Untracked 
| 128|0x0000000089c00000, 0x0000000089c00000, 0x0000000089d00000|  0%| F|  |TAMS 0x0000000089c00000, 0x0000000089c00000| Untracked 
| 129|0x0000000089d00000, 0x0000000089d00000, 0x0000000089e00000|  0%| F|  |TAMS 0x0000000089d00000, 0x0000000089d00000| Untracked 
| 130|0x0000000089e00000, 0x0000000089e00000, 0x0000000089f00000|  0%| F|  |TAMS 0x0000000089e00000, 0x0000000089e00000| Untracked 
| 131|0x0000000089f00000, 0x0000000089f00000, 0x000000008a000000|  0%| F|  |TAMS 0x0000000089f00000, 0x0000000089f00000| Untracked 
| 132|0x000000008a000000, 0x000000008a000000, 0x000000008a100000|  0%| F|  |TAMS 0x000000008a000000, 0x000000008a000000| Untracked 
| 133|0x000000008a100000, 0x000000008a100000, 0x000000008a200000|  0%| F|  |TAMS 0x000000008a100000, 0x000000008a100000| Untracked 
| 134|0x000000008a200000, 0x000000008a200000, 0x000000008a300000|  0%| F|  |TAMS 0x000000008a200000, 0x000000008a200000| Untracked 
| 135|0x000000008a300000, 0x000000008a300000, 0x000000008a400000|  0%| F|  |TAMS 0x000000008a300000, 0x000000008a300000| Untracked 
| 136|0x000000008a400000, 0x000000008a400000, 0x000000008a500000|  0%| F|  |TAMS 0x000000008a400000, 0x000000008a400000| Untracked 
| 137|0x000000008a500000, 0x000000008a500000, 0x000000008a600000|  0%| F|  |TAMS 0x000000008a500000, 0x000000008a500000| Untracked 
| 138|0x000000008a600000, 0x000000008a600000, 0x000000008a700000|  0%| F|  |TAMS 0x000000008a600000, 0x000000008a600000| Untracked 
| 139|0x000000008a700000, 0x000000008a700000, 0x000000008a800000|  0%| F|  |TAMS 0x000000008a700000, 0x000000008a700000| Untracked 
| 140|0x000000008a800000, 0x000000008a800000, 0x000000008a900000|  0%| F|  |TAMS 0x000000008a800000, 0x000000008a800000| Untracked 
| 141|0x000000008a900000, 0x000000008a900000, 0x000000008aa00000|  0%| F|  |TAMS 0x000000008a900000, 0x000000008a900000| Untracked 
| 142|0x000000008aa00000, 0x000000008aa00000, 0x000000008ab00000|  0%| F|  |TAMS 0x000000008aa00000, 0x000000008aa00000| Untracked 
| 143|0x000000008ab00000, 0x000000008ab00000, 0x000000008ac00000|  0%| F|  |TAMS 0x000000008ab00000, 0x000000008ab00000| Untracked 
| 144|0x000000008ac00000, 0x000000008ac00000, 0x000000008ad00000|  0%| F|  |TAMS 0x000000008ac00000, 0x000000008ac00000| Untracked 
| 145|0x000000008ad00000, 0x000000008ad7cb08, 0x000000008ae00000| 48%| S|CS|TAMS 0x000000008ad00000, 0x000000008ad00000| Complete 
| 146|0x000000008ae00000, 0x000000008af00000, 0x000000008af00000|100%| S|CS|TAMS 0x000000008ae00000, 0x000000008ae00000| Complete 
| 147|0x000000008af00000, 0x000000008b000000, 0x000000008b000000|100%| S|CS|TAMS 0x000000008af00000, 0x000000008af00000| Complete 
| 148|0x000000008b000000, 0x000000008b100000, 0x000000008b100000|100%| S|CS|TAMS 0x000000008b000000, 0x000000008b000000| Complete 
| 149|0x000000008b100000, 0x000000008b200000, 0x000000008b200000|100%| S|CS|TAMS 0x000000008b100000, 0x000000008b100000| Complete 
| 150|0x000000008b200000, 0x000000008b300000, 0x000000008b300000|100%| S|CS|TAMS 0x000000008b200000, 0x000000008b200000| Complete 
| 151|0x000000008b300000, 0x000000008b400000, 0x000000008b400000|100%| S|CS|TAMS 0x000000008b300000, 0x000000008b300000| Complete 
| 152|0x000000008b400000, 0x000000008b400000, 0x000000008b500000|  0%| F|  |TAMS 0x000000008b400000, 0x000000008b400000| Untracked 
| 153|0x000000008b500000, 0x000000008b500000, 0x000000008b600000|  0%| F|  |TAMS 0x000000008b500000, 0x000000008b500000| Untracked 

Card table byte_map: [0x000001fd7a950000,0x000001fd7ad50000] _byte_map_base: 0x000001fd7a542000

Marking Bits (Prev, Next): (CMBitMap*) 0x000001fd7224fe98, (CMBitMap*) 0x000001fd7224fed0
 Prev Bits: [0x000001fd7b150000, 0x000001fd7d0e0000)
 Next Bits: [0x000001fd7d0e0000, 0x000001fd7f070000)

Polling page: 0x000001fd719e0000

Metaspace:

Usage:
  Non-class:     28.94 MB capacity,    28.34 MB ( 98%) used,   492.43 KB (  2%) free+waste,   120.50 KB ( <1%) overhead. 
      Class:      4.51 MB capacity,     4.07 MB ( 90%) used,   381.99 KB (  8%) free+waste,    60.25 KB (  1%) overhead. 
       Both:     33.44 MB capacity,    32.41 MB ( 97%) used,   874.42 KB (  3%) free+waste,   180.75 KB ( <1%) overhead. 

Virtual space:
  Non-class space:       44.00 MB reserved,      29.00 MB ( 66%) committed 
      Class space:        1.00 GB reserved,       4.63 MB ( <1%) committed 
             Both:        1.04 GB reserved,      33.63 MB (  3%) committed 

Chunk freelists:
   Non-Class:  7.88 KB
       Class:  3.25 KB
        Both:  11.13 KB

CodeHeap 'non-profiled nmethods': size=238912Kb used=6211Kb max_used=6211Kb free=232700Kb
 bounds [0x000001fd006b0000, 0x000001fd00cd0000, 0x000001fd0f000000]
CodeHeap 'non-nmethods': size=6848Kb used=2277Kb max_used=2277Kb free=4570Kb
 bounds [0x000001fd00000000, 0x000001fd00270000, 0x000001fd006b0000]
 total_blobs=4283 nmethods=3779 adapters=400
 compilation: enabled
              stopped_count=0, restarted_count=0
 full_count=0

Compilation events (10 events):
Event: 3.355 Thread 0x000001fd7f57f800 3786       1       java.nio.charset.CoderResult::isUnderflow (13 bytes)
Event: 3.355 Thread 0x000001fd7f57f800 nmethod 3786 0x000001fd00cbee90 code [0x000001fd00cbf040, 0x000001fd00cbf178]
Event: 3.365 Thread 0x000001fd1340a800 3787       1       java.util.logging.Level::intValue (5 bytes)
Event: 3.365 Thread 0x000001fd1340a800 nmethod 3787 0x000001fd00cbf210 code [0x000001fd00cbf3c0, 0x000001fd00cbf4d8]
Event: 3.368 Thread 0x000001fd11176800 3788   !   1       java.util.logging.LogManager::ensureLogManagerInitialized (144 bytes)
Event: 3.368 Thread 0x000001fd11176800 nmethod 3788 0x000001fd00cbf590 code [0x000001fd00cbf7c0, 0x000001fd00cbfca0]
Event: 3.520 Thread 0x000001fd7f57f800 3789       1       org.apache.tomcat.util.buf.CharsetCache::addToCache (65 bytes)
Event: 3.520 Thread 0x000001fd1340a800 3790       1       java.nio.charset.Charset::aliases (64 bytes)
Event: 3.521 Thread 0x000001fd1340a800 nmethod 3790 0x000001fd00cc0010 code [0x000001fd00cc0220, 0x000001fd00cc0680]
Event: 3.521 Thread 0x000001fd7f57f800 nmethod 3789 0x000001fd00cc0890 code [0x000001fd00cc0ac0, 0x000001fd00cc0de0]

GC Heap History (10 events):
Event: 1.017 GC heap before
{Heap before GC invocations=3 (full 0):
 garbage-first heap   total 131072K, used 28070K [0x0000000081c00000, 0x0000000100000000)
  region size 1024K, 23 young (23552K), 3 survivors (3072K)
 Metaspace       used 20634K, capacity 21118K, committed 21248K, reserved 1067008K
  class space    used 2488K, capacity 2696K, committed 2816K, reserved 1048576K
}
Event: 1.021 GC heap after
{Heap after GC invocations=4 (full 0):
 garbage-first heap   total 131072K, used 9348K [0x0000000081c00000, 0x0000000100000000)
  region size 1024K, 3 young (3072K), 3 survivors (3072K)
 Metaspace       used 20634K, capacity 21118K, committed 21248K, reserved 1067008K
  class space    used 2488K, capacity 2696K, committed 2816K, reserved 1048576K
}
Event: 1.371 GC heap before
{Heap before GC invocations=5 (full 0):
 garbage-first heap   total 131072K, used 51332K [0x0000000081c00000, 0x0000000100000000)
  region size 1024K, 46 young (47104K), 3 survivors (3072K)
 Metaspace       used 25110K, capacity 25810K, committed 25984K, reserved 1071104K
  class space    used 3065K, capacity 3348K, committed 3456K, reserved 1048576K
}
Event: 1.378 GC heap after
{Heap after GC invocations=6 (full 0):
 garbage-first heap   total 157696K, used 10625K [0x0000000081c00000, 0x0000000100000000)
  region size 1024K, 4 young (4096K), 4 survivors (4096K)
 Metaspace       used 25110K, capacity 25810K, committed 25984K, reserved 1071104K
  class space    used 3065K, capacity 3348K, committed 3456K, reserved 1048576K
}
Event: 2.370 GC heap before
{Heap before GC invocations=6 (full 0):
 garbage-first heap   total 157696K, used 99713K [0x0000000081c00000, 0x0000000100000000)
  region size 1024K, 92 young (94208K), 4 survivors (4096K)
 Metaspace       used 29813K, capacity 30756K, committed 30976K, reserved 1077248K
  class space    used 3726K, capacity 4096K, committed 4096K, reserved 1048576K
}
Event: 2.380 GC heap after
{Heap after GC invocations=7 (full 0):
 garbage-first heap   total 157696K, used 13600K [0x0000000081c00000, 0x0000000100000000)
  region size 1024K, 7 young (7168K), 7 survivors (7168K)
 Metaspace       used 29813K, capacity 30756K, committed 30976K, reserved 1077248K
  class space    used 3726K, capacity 4096K, committed 4096K, reserved 1048576K
}
Event: 3.408 GC heap before
{Heap before GC invocations=7 (full 0):
 garbage-first heap   total 157696K, used 44320K [0x0000000081c00000, 0x0000000100000000)
  region size 1024K, 38 young (38912K), 7 survivors (7168K)
 Metaspace       used 32976K, capacity 34020K, committed 34048K, reserved 1085440K
  class space    used 4153K, capacity 4581K, committed 4608K, reserved 1048576K
}
Event: 3.424 GC heap after
{Heap after GC invocations=8 (full 0):
 garbage-first heap   total 157696K, used 15917K [0x0000000081c00000, 0x0000000100000000)
  region size 1024K, 9 young (9216K), 9 survivors (9216K)
 Metaspace       used 32976K, capacity 34020K, committed 34048K, reserved 1085440K
  class space    used 4153K, capacity 4581K, committed 4608K, reserved 1048576K
}
Event: 3.551 GC heap before
{Heap before GC invocations=9 (full 0):
 garbage-first heap   total 157696K, used 16941K [0x0000000081c00000, 0x0000000100000000)
  region size 1024K, 11 young (11264K), 9 survivors (9216K)
 Metaspace       used 33191K, capacity 34247K, committed 34432K, reserved 1091584K
  class space    used 4171K, capacity 4614K, committed 4736K, reserved 1048576K
}
Event: 3.565 GC heap after
{Heap after GC invocations=10 (full 0):
 garbage-first heap   total 157696K, used 16702K [0x0000000081c00000, 0x0000000100000000)
  region size 1024K, 7 young (7168K), 7 survivors (7168K)
 Metaspace       used 33191K, capacity 34247K, committed 34432K, reserved 1091584K
  class space    used 4171K, capacity 4614K, committed 4736K, reserved 1048576K
}

Deoptimization events (0 events):
No events

Classes redefined (0 events):
No events

Internal exceptions (10 events):
Event: 3.300 Thread 0x000001fd7220f800 Exception <a 'java/lang/ClassNotFoundException'{0x0000000089b92028}: org/springframework/boot/web/servlet/DynamicRegistrationBeanCustomizer> (0x0000000089b92028) thrown at [t:/workspace/open/src/hotspot/share/classfile/systemDictionary.cpp, line 231]
Event: 3.301 Thread 0x000001fd7220f800 Exception <a 'java/lang/ClassNotFoundException'{0x0000000089ba6538}: org/springframework/boot/web/servlet/ServletRegistrationBeanCustomizer> (0x0000000089ba6538) thrown at [t:/workspace/open/src/hotspot/share/classfile/systemDictionary.cpp, line 231]
Event: 3.303 Thread 0x000001fd7220f800 Exception <a 'java/lang/ClassNotFoundException'{0x0000000089bc1570}: org/springframework/boot/autoconfigure/web/servlet/DispatcherServletRegistrationBeanCustomizer> (0x0000000089bc1570) thrown at [t:/workspace/open/src/hotspot/share/classfile/systemDictio
Event: 3.304 Thread 0x000001fd7220f800 Exception <a 'java/lang/ClassNotFoundException'{0x0000000089be2840}: org/springframework/boot/autoconfigure/web/servlet/DispatcherServletPathCustomizer> (0x0000000089be2840) thrown at [t:/workspace/open/src/hotspot/share/classfile/systemDictionary.cpp, li
Event: 3.304 Thread 0x000001fd7220f800 Exception <a 'java/lang/ClassNotFoundException'{0x0000000089bf5190}: org/springframework/boot/web/servlet/ServletContextInitializerCustomizer> (0x0000000089bf5190) thrown at [t:/workspace/open/src/hotspot/share/classfile/systemDictionary.cpp, line 231]
Event: 3.304 Thread 0x000001fd7220f800 Exception <a 'java/lang/ClassNotFoundException'{0x0000000089a00c10}: org/springframework/core/OrderedCustomizer> (0x0000000089a00c10) thrown at [t:/workspace/open/src/hotspot/share/classfile/systemDictionary.cpp, line 231]
Event: 3.308 Thread 0x000001fd7220f800 Exception <a 'java/lang/ClassNotFoundException'{0x0000000089a12b60}: java/lang/ObjectCustomizer> (0x0000000089a12b60) thrown at [t:/workspace/open/src/hotspot/share/classfile/systemDictionary.cpp, line 231]
Event: 3.309 Thread 0x000001fd7220f800 Exception <a 'java/lang/ClassNotFoundException'{0x0000000089a276e8}: org/springframework/boot/autoconfigure/web/servlet/error/ErrorMvcAutoConfiguration$ErrorPageCustomizerCustomizer> (0x0000000089a276e8) thrown at [t:/workspace/open/src/hotspot/share/clas
Event: 3.310 Thread 0x000001fd7220f800 Exception <a 'java/lang/ClassNotFoundException'{0x0000000089a38428}: org/springframework/boot/web/server/ErrorPageRegistrarCustomizer> (0x0000000089a38428) thrown at [t:/workspace/open/src/hotspot/share/classfile/systemDictionary.cpp, line 231]
Event: 3.310 Thread 0x000001fd7220f800 Exception <a 'java/lang/ClassNotFoundException'{0x0000000089a43860}: org/springframework/core/OrderedCustomizer> (0x0000000089a43860) thrown at [t:/workspace/open/src/hotspot/share/classfile/systemDictionary.cpp, line 231]

Events (10 events):
Event: 3.525 loading class org/springframework/boot/web/embedded/tomcat/CompressionConnectorCustomizer done
Event: 3.525 loading class org/apache/tomcat/util/threads/LimitLatch
Event: 3.525 loading class org/apache/tomcat/util/threads/LimitLatch done
Event: 3.541 loading class org/apache/tomcat/util/threads/LimitLatch$Sync
Event: 3.541 loading class org/apache/tomcat/util/threads/LimitLatch$Sync done
Event: 3.541 loading class org/apache/catalina/core/StandardEngine
Event: 3.541 loading class org/apache/catalina/core/StandardEngine done
Event: 3.550 loading class org/apache/catalina/core/StandardPipeline
Event: 3.550 loading class org/apache/catalina/core/StandardPipeline done
Event: 3.550 Executing VM operation: CollectForMetadataAllocation


Dynamic libraries:
0x00007ff694030000 - 0x00007ff694077000 	C:\Program Files\Java\jdk-11.0.4\bin\javaw.exe
0x00007fff2c4e0000 - 0x00007fff2c6bb000 	C:\Windows\SYSTEM32\ntdll.dll
0x00007fff2c320000 - 0x00007fff2c3ce000 	C:\Windows\System32\KERNEL32.DLL
0x00007fff28b90000 - 0x00007fff28dda000 	C:\Windows\System32\KERNELBASE.dll
0x00007fff29b90000 - 0x00007fff29c31000 	C:\Windows\System32\ADVAPI32.dll
0x00007fff29ee0000 - 0x00007fff29f7d000 	C:\Windows\System32\msvcrt.dll
0x00007fff2c480000 - 0x00007fff2c4d9000 	C:\Windows\System32\sechost.dll
0x00007fff2bee0000 - 0x00007fff2c005000 	C:\Windows\System32\RPCRT4.dll
0x00007fff2c1b0000 - 0x00007fff2c2fa000 	C:\Windows\System32\USER32.dll
0x00007fff29820000 - 0x00007fff2983e000 	C:\Windows\System32\win32u.dll
0x00007fff29db0000 - 0x00007fff29dd7000 	C:\Windows\System32\GDI32.dll
0x00007fff28a00000 - 0x00007fff28b88000 	C:\Windows\System32\gdi32full.dll
0x00007fff29840000 - 0x00007fff298da000 	C:\Windows\System32\msvcp_win.dll
0x00007fff298e0000 - 0x00007fff299d6000 	C:\Windows\System32\ucrtbase.dll
0x00007fff1fe00000 - 0x00007fff20067000 	C:\Windows\WinSxS\amd64_microsoft.windows.common-controls_6595b64144ccf1df_6.0.15063.1155_none_40c7922129a7722b\COMCTL32.dll
0x00007fff2bbe0000 - 0x00007fff2bed9000 	C:\Windows\System32\combase.dll
0x00007fff28de0000 - 0x00007fff28e4a000 	C:\Windows\System32\bcryptPrimitives.dll
0x00007fff22960000 - 0x00007fff2296a000 	C:\Windows\SYSTEM32\VERSION.dll
0x00007fff2a710000 - 0x00007fff2a73d000 	C:\Windows\System32\IMM32.DLL
0x00007fff20720000 - 0x00007fff20736000 	C:\Program Files\Java\jdk-11.0.4\bin\vcruntime140.dll
0x00007fff20670000 - 0x00007fff2071a000 	C:\Program Files\Java\jdk-11.0.4\bin\msvcp140.dll
0x00007ffeef980000 - 0x00007ffef04a7000 	C:\Program Files\Java\jdk-11.0.4\bin\server\jvm.dll
0x00007fff29b80000 - 0x00007fff29b88000 	C:\Windows\System32\PSAPI.DLL
0x00007fff19960000 - 0x00007fff19969000 	C:\Windows\SYSTEM32\WSOCK32.dll
0x00007fff26f90000 - 0x00007fff26fb3000 	C:\Windows\SYSTEM32\WINMM.dll
0x00007fff2a0f0000 - 0x00007fff2a15c000 	C:\Windows\System32\WS2_32.dll
0x00007fff26f30000 - 0x00007fff26f5b000 	C:\Windows\SYSTEM32\WINMMBASE.dll
0x00007fff28e50000 - 0x00007fff28e99000 	C:\Windows\System32\cfgmgr32.dll
0x00007fff28990000 - 0x00007fff289a1000 	C:\Windows\System32\kernel.appcore.dll
0x00007fff1b9b0000 - 0x00007fff1b9c1000 	C:\Program Files\Java\jdk-11.0.4\bin\verify.dll
0x00007fff24ea0000 - 0x00007fff25049000 	C:\Windows\SYSTEM32\DBGHELP.DLL
0x00007fff156a0000 - 0x00007fff156c9000 	C:\Windows\SYSTEM32\dbgcore.DLL
0x00007fff1b980000 - 0x00007fff1b9a9000 	C:\Program Files\Java\jdk-11.0.4\bin\java.dll
0x00007fff1b960000 - 0x00007fff1b976000 	C:\Program Files\Java\jdk-11.0.4\bin\zip.dll
0x00007fff18c30000 - 0x00007fff18c3a000 	C:\Program Files\Java\jdk-11.0.4\bin\jimage.dll
0x00007fff2a740000 - 0x00007fff2bb78000 	C:\Windows\System32\SHELL32.dll
0x00007fff2c3d0000 - 0x00007fff2c47a000 	C:\Windows\System32\shcore.dll
0x00007fff29120000 - 0x00007fff29811000 	C:\Windows\System32\windows.storage.dll
0x00007fff2bb80000 - 0x00007fff2bbd1000 	C:\Windows\System32\shlwapi.dll
0x00007fff289b0000 - 0x00007fff289fc000 	C:\Windows\System32\powrprof.dll
0x00007fff28950000 - 0x00007fff28965000 	C:\Windows\System32\profapi.dll
0x00007fff18c10000 - 0x00007fff18c29000 	C:\Program Files\Java\jdk-11.0.4\bin\net.dll
0x00007fff1b700000 - 0x00007fff1b8c7000 	C:\Windows\SYSTEM32\urlmon.dll
0x00007fff1b290000 - 0x00007fff1b366000 	C:\Windows\SYSTEM32\WINHTTP.dll
0x00007fff1bb10000 - 0x00007fff1bda5000 	C:\Windows\SYSTEM32\iertutil.dll
0x00007fff283c0000 - 0x00007fff283cb000 	C:\Windows\SYSTEM32\CRYPTBASE.DLL
0x00007fff28200000 - 0x00007fff2825c000 	C:\Windows\system32\mswsock.dll
0x00007fff18bf0000 - 0x00007fff18c03000 	C:\Program Files\Java\jdk-11.0.4\bin\nio.dll
0x00007fff20750000 - 0x00007fff20759000 	C:\Program Files\Java\jdk-11.0.4\bin\management.dll
0x00007fff20740000 - 0x00007fff2074c000 	C:\Program Files\Java\jdk-11.0.4\bin\management_ext.dll
0x00007fff10a30000 - 0x00007fff10a46000 	C:\Windows\system32\napinsp.dll
0x00007fff10a10000 - 0x00007fff10a2a000 	C:\Windows\system32\pnrpnsp.dll
0x00007fff26ad0000 - 0x00007fff26ae8000 	C:\Windows\system32\NLAapi.dll
0x00007fff27fe0000 - 0x00007fff28084000 	C:\Windows\SYSTEM32\DNSAPI.dll
0x00007fff2a160000 - 0x00007fff2a168000 	C:\Windows\System32\NSI.dll
0x00007fff27fa0000 - 0x00007fff27fd7000 	C:\Windows\SYSTEM32\IPHLPAPI.DLL
0x00007fff109e0000 - 0x00007fff109ee000 	C:\Windows\System32\winrnr.dll
0x00007fff21d60000 - 0x00007fff21d75000 	C:\Windows\System32\wshbth.dll
0x00007fff12d00000 - 0x00007fff12d0a000 	C:\Windows\System32\rasadhlp.dll
0x00007fff1a9d0000 - 0x00007fff1aa3b000 	C:\Windows\System32\fwpuclnt.dll
0x00007fff28510000 - 0x00007fff28535000 	C:\Windows\SYSTEM32\bcrypt.dll
0x00007fff283a0000 - 0x00007fff283b7000 	C:\Windows\SYSTEM32\CRYPTSP.dll
0x00007fff27e10000 - 0x00007fff27e44000 	C:\Windows\system32\rsaenh.dll
0x00007fff28850000 - 0x00007fff28879000 	C:\Windows\SYSTEM32\USERENV.dll
0x00007fff1baf0000 - 0x00007fff1bb06000 	C:\Windows\SYSTEM32\dhcpcsvc6.DLL
0x00007fff1d3b0000 - 0x00007fff1d3ca000 	C:\Windows\SYSTEM32\dhcpcsvc.DLL

dbghelp: loaded successfully - version: 4.0.5 - missing functions: none
symbol engine: initialized successfully - sym options: 0x614 - pdb path: .;C:\Program Files\Java\jdk-11.0.4\bin;C:\Windows\SYSTEM32;C:\Windows\WinSxS\amd64_microsoft.windows.common-controls_6595b64144ccf1df_6.0.15063.1155_none_40c7922129a7722b;C:\Program Files\Java\jdk-11.0.4\bin\server

VM Arguments:
jvm_args: -Dcom.sun.management.jmxremote -Dcom.sun.management.jmxremote.port=62002 -Dcom.sun.management.jmxremote.authenticate=false -Dcom.sun.management.jmxremote.ssl=false -Djava.rmi.server.hostname=localhost -Dspring.jmx.enabled=true -Dspring.application.admin.enabled=true -Xverify:none -XX:TieredStopAtLevel=1 -Dspring.boot.project.name=health -Dfile.encoding=UTF-8 
java_command: com.nikki.health.HealthApplication --spring.output.ansi.enabled=always
java_class_path (initial): C:\DATA FOUNDRY\sts-4.4.1.RELEASE\health\target\classes;C:\Users\JDFUSER\.m2\repository\org\springframework\boot\spring-boot-starter-data-jpa\2.2.1.RELEASE\spring-boot-starter-data-jpa-2.2.1.RELEASE.jar;C:\Users\JDFUSER\.m2\repository\org\springframework\boot\spring-boot-starter-aop\2.2.1.RELEASE\spring-boot-starter-aop-2.2.1.RELEASE.jar;C:\Users\JDFUSER\.m2\repository\org\springframework\spring-aop\5.2.1.RELEASE\spring-aop-5.2.1.RELEASE.jar;C:\Users\JDFUSER\.m2\repository\org\aspectj\aspectjweaver\1.9.4\aspectjweaver-1.9.4.jar;C:\Users\JDFUSER\.m2\repository\org\springframework\boot\spring-boot-starter-jdbc\2.2.1.RELEASE\spring-boot-starter-jdbc-2.2.1.RELEASE.jar;C:\Users\JDFUSER\.m2\repository\com\zaxxer\HikariCP\3.4.1\HikariCP-3.4.1.jar;C:\Users\JDFUSER\.m2\repository\org\springframework\spring-jdbc\5.2.1.RELEASE\spring-jdbc-5.2.1.RELEASE.jar;C:\Users\JDFUSER\.m2\repository\jakarta\activation\jakarta.activation-api\1.2.1\jakarta.activation-api-1.2.1.jar;C:\Users\JDFUSER\.m2\repository\jakarta\persistence\jakarta.persistence-api\2.2.3\jakarta.persistence-api-2.2.3.jar;C:\Users\JDFUSER\.m2\repository\jakarta\transaction\jakarta.transaction-api\1.3.3\jakarta.transaction-api-1.3.3.jar;C:\Users\JDFUSER\.m2\repository\org\hibernate\hibernate-core\5.4.8.Final\hibernate-core-5.4.8.Final.jar;C:\Users\JDFUSER\.m2\repository\org\jboss\logging\jboss-logging\3.4.1.Final\jboss-logging-3.4.1.Final.jar;C:\Users\JDFUSER\.m2\repository\org\javassist\javassist\3.24.0-GA\javassist-3.24.0-GA.jar;C:\Users\JDFUSER\.m2\repository\net\bytebuddy\byte-buddy\1.10.2\byte-buddy-1.10.2.jar;C:\Users\JDFUSER\.m2\repository\antlr\antlr\2.7.7\antlr-2.7.7.jar;C:\Users\JDFUSER\.m2\repository\org\jboss\jandex\2.0.5.Final\jandex-2.0.5.Final.jar;C:\Users\JDFUSER\.m2\repository\com\fasterxml\classmate\1.5.1\classmate-1.5.1.jar;C:\Users\JDFUSER\.m2\repository\org\dom4j\dom4j\2.1.1\dom4j-2.1.1.jar;C:\Users\JDFUSER\.m2\repository\org\hibernate\common\hibernate-commons-annotatio
Launcher Type: SUN_STANDARD

[Global flags]
     bool BytecodeVerificationLocal                = false                                     {product} {command line}
     bool BytecodeVerificationRemote               = false                                     {product} {command line}
     intx CICompilerCount                          = 3                                         {product} {ergonomic}
     uint ConcGCThreads                            = 1                                         {product} {ergonomic}
     uint G1ConcRefinementThreads                  = 4                                         {product} {ergonomic}
   size_t G1HeapRegionSize                         = 1048576                                   {product} {ergonomic}
    uintx GCDrainStackTargetSize                   = 64                                        {product} {ergonomic}
   size_t InitialHeapSize                          = 134217728                                 {product} {ergonomic}
     bool ManagementServer                         = true                                      {product} {command line}
   size_t MarkStackSize                            = 4194304                                   {product} {ergonomic}
   size_t MaxHeapSize                              = 2118123520                                {product} {ergonomic}
   size_t MaxNewSize                               = 1270874112                                {product} {ergonomic}
   size_t MinHeapDeltaBytes                        = 1048576                                   {product} {ergonomic}
    uintx NonNMethodCodeHeapSize                   = 6973028                                {pd product} {ergonomic}
    uintx NonProfiledCodeHeapSize                  = 244685212                              {pd product} {ergonomic}
    uintx ProfiledCodeHeapSize                     = 0                                      {pd product} {ergonomic}
    uintx ReservedCodeCacheSize                    = 251658240                              {pd product} {ergonomic}
     bool SegmentedCodeCache                       = true                                      {product} {ergonomic}
     intx TieredStopAtLevel                        = 1                                         {product} {command line}
     bool UseCompressedClassPointers               = true                                 {lp64_product} {ergonomic}
     bool UseCompressedOops                        = true                                 {lp64_product} {ergonomic}
     bool UseG1GC                                  = true                                      {product} {ergonomic}
     bool UseLargePagesIndividualAllocation        = false                                  {pd product} {ergonomic}

Logging:
Log output configuration:
 #0: stdout all=warning uptime,level,tags
 #1: stderr all=off uptime,level,tags

Environment Variables:
PATH=C:/Program Files/Java/jdk-11.0.4/bin/server;C:/Program Files/Java/jdk-11.0.4/bin;C:\app\JDFUSER\product\11.1.0\db_1\bin;C:\Windows\system32;C:\Windows;C:\Windows\System32\Wbem;C:\Windows\System32\WindowsPowerShell\v1.0\;C:\Program Files (x86)\Brackets\command;C:\Program Files\MySQL\MySQL Shell 8.0\bin\;C:\Program Files\Java\jdk-11.0.4\bin;C:\Users\JDFUSER\AppData\Local\Programs\Microsoft VS Code\bin;C:\src\flutter\bin;;C:\DATA FOUNDRY\sts-4.4.1.RELEASE;
USERNAME=JDFUSER
OS=Windows_NT
PROCESSOR_IDENTIFIER=Intel64 Family 6 Model 142 Stepping 9, GenuineIntel



---------------  S Y S T E M  ---------------

OS: Windows 10 , 64 bit Build 15063 (10.0.15063.1058)

CPU:total 4 (initial active 4) (2 cores per cpu, 2 threads per core) family 6 model 142 stepping 9, cmov, cx8, fxsr, mmx, sse, sse2, sse3, ssse3, sse4.1, sse4.2, popcnt, avx, avx2, aes, clmul, erms, 3dnowpref, lzcnt, ht, tsc, tscinvbit, bmi1, bmi2, adx, fma

Memory: 4k page, system-wide physical 8074M (412M free)
TotalPageFile size 32650M (AvailPageFile size 3M)
current process WorkingSet (physical memory assigned to process): 193M, peak: 193M
current process commit charge ("private bytes"): 274M, peak: 275M

vm_info: Java HotSpot(TM) 64-Bit Server VM (11.0.4+10-LTS) for windows-amd64 JRE (11.0.4+10-LTS), built on Jul  4 2019 16:28:13 by "mach5one" with MS VC++ 15.5 (VS2017)

END.
